<?xml version="1.0" encoding="UTF-8"?>
<testng-results ignored="0" total="1" passed="1" failed="0" skipped="0">
  <reporter-output>
  </reporter-output>
  <suite started-at="2018-07-07T04:50:53Z" name="Default suite" finished-at="2018-07-07T04:51:07Z" duration-ms="13732">
    <groups>
    </groups>
    <test started-at="2018-07-07T04:50:53Z" name="Default test" finished-at="2018-07-07T04:51:07Z" duration-ms="13732">
      <class name="maven_TestNG.maven_TestNG_Aptron.regression.login.Login">
        <test-method is-config="true" signature="setup()[pri:0, instance:maven_TestNG.maven_TestNG_Aptron.regression.login.Login@31f9b85e]" started-at="2018-07-07T04:50:53Z" name="setup" finished-at="2018-07-07T04:51:06Z" duration-ms="12983" status="PASS">
          <reporter-output>
          </reporter-output>
        </test-method> <!-- setup -->
        <test-method signature="login_test()[pri:0, instance:maven_TestNG.maven_TestNG_Aptron.regression.login.Login@31f9b85e]" started-at="2018-07-07T04:51:06Z" name="login_test" finished-at="2018-07-07T04:51:06Z" duration-ms="15" status="PASS">
          <reporter-output>
          </reporter-output>
        </test-method> <!-- login_test -->
        <test-method is-config="true" signature="afterexecution()[pri:0, instance:maven_TestNG.maven_TestNG_Aptron.regression.login.Login@31f9b85e]" started-at="2018-07-07T04:51:06Z" name="afterexecution" finished-at="2018-07-07T04:51:07Z" duration-ms="701" status="PASS">
          <reporter-output>
          </reporter-output>
        </test-method> <!-- afterexecution -->
      </class> <!-- maven_TestNG.maven_TestNG_Aptron.regression.login.Login -->
    </test> <!-- Default test -->
  </suite> <!-- Default suite -->
</testng-results>
